{"name": "Тест для калькулятора", "status": "failed", "statusDetails": {"message": "AssertionError: assert '7+8' == '15'\n  \n  \u001b[0m\u001b[91m- 15\u001b[39;49;00m\u001b[90m\u001b[39;49;00m\n  \u001b[92m+ 7+8\u001b[39;49;00m\u001b[90m\u001b[39;49;00m", "trace": "browser = <selenium.webdriver.chrome.webdriver.WebDriver (session=\"4edfdf6fa0a3520d519855bc7afaa1d1\")>\n\n    @allure.title(\"Тест для калькулятора\")\n    @allure.feature(\"Калькулятор\")\n    @allure.description(\"Тест проверяет складывания суммы и выдержку 45 сек\")\n    @allure.severity(allure.severity_level.NORMAL)\n    def test_calculator(browser):\n        calc = Calculator(browser)\n    \n        with allure.step(\"Установить задержку 45 сек\"):\n            calc.set_delay(\"45\")\n    \n        with allure.step(\"Нажатие на кнопку 7\"):\n            calc.click_button(\"7\")\n    \n        with allure.step(\"Нажатие на кнопку +\"):\n            calc.click_button(\"+\")\n    \n        with allure.step(\"Нажать на кнопку 8\"):\n            calc.click_button(\"8\")\n    \n        with allure.step(\"Нажать на кнопку =\"):\n            calc.click_button(\"=\")\n    \n        with allure.step(\"Проверить что результат равен 15\"):\n>           assert calc.get_result() == \"15\"\nE           AssertionError: assert '7+8' == '15'\nE             \nE             \u001b[0m\u001b[91m- 15\u001b[39;49;00m\u001b[90m\u001b[39;49;00m\nE             \u001b[92m+ 7+8\u001b[39;49;00m\u001b[90m\u001b[39;49;00m\n\ntest_calc.py:36: AssertionError"}, "description": "Тест проверяет складывания суммы и выдержку 45 сек", "steps": [{"name": "Установить задержку 45 сек", "status": "passed", "start": 1767023591470, "stop": 1767023591599}, {"name": "Нажатие на кнопку 7", "status": "passed", "start": 1767023591599, "stop": 1767023591690}, {"name": "Нажатие на кнопку +", "status": "passed", "start": 1767023591690, "stop": 1767023591754}, {"name": "Нажать на кнопку 8", "status": "passed", "start": 1767023591754, "stop": 1767023591811}, {"name": "Нажать на кнопку =", "status": "passed", "start": 1767023591811, "stop": 1767023591870}, {"name": "Проверить что результат равен 15", "status": "failed", "statusDetails": {"message": "AssertionError: assert '7+8' == '15'\n  \n  \u001b[0m\u001b[91m- 15\u001b[39;49;00m\u001b[90m\u001b[39;49;00m\n  \u001b[92m+ 7+8\u001b[39;49;00m\u001b[90m\u001b[39;49;00m\n", "trace": "  File \"C:\\Users\\nikol\\OneDrive\\Рабочий стол\\Kyam_Homework_Python\\lesson_10\\test_calc.py\", line 36, in test_calculator\n    assert calc.get_result() == \"15\"\n"}, "start": 1767023591870, "stop": 1767023591900}], "start": 1767023590898, "stop": 1767023591901, "uuid": "1b3a978e-c69b-477f-8fed-3617cdec2f1c", "historyId": "f7f37dff2ab5587867a87779298dccbc", "testCaseId": "f7f37dff2ab5587867a87779298dccbc", "fullName": "test_calc#test_calculator", "labels": [{"name": "feature", "value": "Калькулятор"}, {"name": "severity", "value": "normal"}, {"name": "suite", "value": "test_calc"}, {"name": "host", "value": "LAPTOP-Q85GOHQ2"}, {"name": "thread", "value": "26152-MainThread"}, {"name": "framework", "value": "pytest"}, {"name": "language", "value": "cpython3"}, {"name": "package", "value": "test_calc"}], "titlePath": ["test_calc.py"]}